<?xml version="1.0" encoding="UTF-8"?>
<!-- Generated by org.testng.reporters.JUnitReportReporter -->
<testsuite hostname="LAPTOP-EUCG2O15" failures="0" tests="1" name="tutorialsninja.register.TC_RF_010" time="11.364" errors="0" timestamp="2025-09-29T20:09:28 IST" skipped="0">
  <testcase classname="tutorialsninja.register.TC_RF_010" name="verifyRegisteringAccountUsingInvalidEmail" time="11.364"/>
</testsuite> <!-- tutorialsninja.register.TC_RF_010 -->
