<?xml version="1.0" encoding="UTF-8"?>
<!-- Generated by org.testng.reporters.JUnitReportReporter -->
<testsuite hostname="LAPTOP-EUCG2O15" failures="0" tests="1" name="tutorialsninja.register.TCRegister" time="5.946" errors="0" timestamp="2025-08-17T11:08:06 IST" skipped="0">
  <testcase classname="tutorialsninja.register.TCRegister" name="verifyRegisteringWithMandatoryFields" time="5.946"/>
</testsuite> <!-- tutorialsninja.register.TCRegister -->
