<?xml version="1.0" encoding="UTF-8"?>
<!-- Generated by org.testng.reporters.JUnitReportReporter -->
<testsuite hostname="LAPTOP-EUCG2O15" failures="0" tests="1" name="tutorialsninja.register.TC_RF_005" time="8.664" errors="0" timestamp="2025-09-16T19:22:52 IST" skipped="0">
  <testcase classname="tutorialsninja.register.TC_RF_005" name="verifyRegisteringAccountBySubscribingToNewsletter" time="8.664"/>
</testsuite> <!-- tutorialsninja.register.TC_RF_005 -->
