<?xml version="1.0" encoding="UTF-8"?>
<!-- Generated by org.testng.reporters.JUnitReportReporter -->
<testsuite hostname="LAPTOP-EUCG2O15" failures="0" tests="1" name="tutorialsninja.register.TC_RF_009" time="5.684" errors="0" timestamp="2025-09-26T17:59:22 IST" skipped="0">
  <testcase classname="tutorialsninja.register.TC_RF_009" name="verifyRegistringAccountUsingExistingEmail" time="5.684"/>
</testsuite> <!-- tutorialsninja.register.TC_RF_009 -->
