<?xml version="1.0" encoding="UTF-8"?>
<!-- Generated by org.testng.reporters.JUnitReportReporter -->
<testsuite hostname="LAPTOP-EUCG2O15" failures="0" tests="1" name="tutorialsninja.register.TC_RF_008" time="8.318" errors="0" timestamp="2025-09-26T17:38:05 IST" skipped="0">
  <testcase classname="tutorialsninja.register.TC_RF_008" name="verifyAccountByProvidingMismatchPasswords" time="8.318"/>
</testsuite> <!-- tutorialsninja.register.TC_RF_008 -->
